app/build/intermediates/manifest_merge_blame_file/debug/manifest-merger-blame-debug-report.txt
1<?xml version="1.0" encoding="utf-8"?>
2<manifest xmlns:android="http://schemas.android.com/apk/res/android"
3    package="com.example.yu"
4    android:versionCode="1"
5    android:versionName="1.0" >
6
7    <uses-sdk
8        android:minSdkVersion="21"
8-->src/main/AndroidManifest.xml
9        android:targetSdkVersion="29" />
9-->src/main/AndroidManifest.xml
10
11    <uses-permission android:name="android.permission.INTERNET" />
11-->src/main/AndroidManifest.xml:4:5-83
11-->src/main/AndroidManifest.xml:4:22-64
12
13    <application
13-->src/main/AndroidManifest.xml:7:5-32:19
14        android:allowBackup="true"
14-->src/main/AndroidManifest.xml:8:9-35
15        android:appComponentFactory="androidx.core.app.CoreComponentFactory"
15-->[androidx.core:core:1.3.2] AndroidManifest.xml:24:18-86
16        android:debuggable="true"
17        android:icon="@mipmap/ic_launcher"
17-->src/main/AndroidManifest.xml:9:9-43
18        android:label="@string/app_name"
18-->src/main/AndroidManifest.xml:10:9-41
19        android:roundIcon="@mipmap/ic_launcher_round"
19-->src/main/AndroidManifest.xml:11:9-54
20        android:supportsRtl="true"
20-->src/main/AndroidManifest.xml:12:9-35
21        android:testOnly="true"
22        android:theme="@style/Theme.YU학교도우미"
22-->src/main/AndroidManifest.xml:13:9-45
23        android:usesCleartextTraffic="true" >
23-->src/main/AndroidManifest.xml:14:9-44
24        <activity
24-->src/main/AndroidManifest.xml:15:9-23:20
25            android:name="com.example.yu.LoginActivity"
25-->src/main/AndroidManifest.xml:16:13-42
26            android:exported="true" >
26-->src/main/AndroidManifest.xml:17:13-36
27            <intent-filter>
27-->src/main/AndroidManifest.xml:18:13-22:29
28                <action android:name="android.intent.action.MAIN" />
28-->src/main/AndroidManifest.xml:19:17-69
28-->src/main/AndroidManifest.xml:19:25-66
29
30                <category android:name="android.intent.category.LAUNCHER" />
30-->src/main/AndroidManifest.xml:21:17-77
30-->src/main/AndroidManifest.xml:21:27-74
31            </intent-filter>
32        </activity>
33        <activity
33-->src/main/AndroidManifest.xml:24:9-26:40
34            android:name="com.example.yu.RegisterActivity"
34-->src/main/AndroidManifest.xml:25:13-45
35            android:exported="false" />
35-->src/main/AndroidManifest.xml:26:13-37
36        <activity android:name="com.example.yu.MainActivity" />
36-->src/main/AndroidManifest.xml:27:9-49
36-->src/main/AndroidManifest.xml:27:19-47
37        <activity android:name="com.example.yu.PostActivity" />
37-->src/main/AndroidManifest.xml:28:9-49
37-->src/main/AndroidManifest.xml:28:19-47
38        <activity android:name="com.example.yu.PostDetailActivity" />
38-->src/main/AndroidManifest.xml:29:9-55
38-->src/main/AndroidManifest.xml:29:19-53
39        <activity android:name="com.example.yu.BoardActivity" />
39-->src/main/AndroidManifest.xml:30:9-50
39-->src/main/AndroidManifest.xml:30:19-48
40        <activity android:name="com.example.yu.MyBoardActivity" />
40-->src/main/AndroidManifest.xml:31:9-52
40-->src/main/AndroidManifest.xml:31:19-50
41    </application>
42
43</manifest>